<?xml version="1.0" encoding="UTF-8"?>
<!-- Generated by org.testng.reporters.JUnitXMLReporter -->
<testsuite ignored="0" hostname="GTC-102354" failures="2" tests="2" name="First Test" time="8.485" errors="0" timestamp="2024-08-22T21:31:59 SAST">
  <testcase classname="webuitests.RunnerClass" name="validateSiteAccessibility" time="0.015">
    <failure type="java.lang.AssertionError" message="The following asserts failed:
	expected [https://parabank.parasoft.com/parabank/index.ht] but found [https://parabank.parasoft.com/parabank/index.htm]">
      <![CDATA[java.lang.AssertionError: The following asserts failed:
expected [https://parabank.parasoft.com/parabank/index.ht] but found [https://parabank.parasoft.com/parabank/index.htm]
at webuitests.RunnerClass.validateSiteAccessibility(RunnerClass.java:16)
at java.base/java.util.concurrent.ThreadPoolExecutor.runWorker(ThreadPoolExecutor.java:1144)
at java.base/java.util.concurrent.ThreadPoolExecutor$Worker.run(ThreadPoolExecutor.java:642)
at java.base/java.lang.Thread.run(Thread.java:1583)
... Removed 12 stack frames]]>
    </failure>
  </testcase> <!-- validateSiteAccessibility -->
  <testcase classname="webuitests.RunnerClass" name="validateLoginFailure" time="1.79">
    <failure type="java.lang.AssertionError" message="The following asserts failed:
	expected [https://parabank.parasoft.com/parabank/index.ht] but found [https://parabank.parasoft.com/parabank/index.htm],
	did not expect to find [true] but found [false]">
      <![CDATA[java.lang.AssertionError: The following asserts failed:
expected [https://parabank.parasoft.com/parabank/index.ht] but found [https://parabank.parasoft.com/parabank/index.htm],
did not expect to find [true] but found [false]
at webuitests.RunnerClass.validateLoginFailure(RunnerClass.java:25)
at java.base/java.util.concurrent.ThreadPoolExecutor.runWorker(ThreadPoolExecutor.java:1144)
at java.base/java.util.concurrent.ThreadPoolExecutor$Worker.run(ThreadPoolExecutor.java:642)
at java.base/java.lang.Thread.run(Thread.java:1583)
... Removed 12 stack frames]]>
    </failure>
  </testcase> <!-- validateLoginFailure -->
</testsuite> <!-- First Test -->
