<?xml version="1.0" encoding="UTF-8"?>
<!-- Generated by org.testng.reporters.JUnitXMLReporter -->
<testsuite ignored="0" hostname="GTC-102354" failures="2" tests="2" name="Second Test" time="150.181" errors="0" timestamp="2024-10-16T20:13:26 SAST">
  <testcase classname="webuitests.UnitTests" name="validateSiteAccessibility" time="0.023">
    <failure type="java.lang.AssertionError" message="The following asserts failed:
	expected [https://parabank.parasoft.com/parabank/index.html] but found [https://parabank.parasoft.com/parabank/index.htm]">
      <![CDATA[java.lang.AssertionError: The following asserts failed:
expected [https://parabank.parasoft.com/parabank/index.html] but found [https://parabank.parasoft.com/parabank/index.htm]
at webuitests.UnitTests.validateSiteAccessibility(UnitTests.java:16)
at java.base/java.util.concurrent.ThreadPoolExecutor.runWorker(ThreadPoolExecutor.java:1144)
at java.base/java.util.concurrent.ThreadPoolExecutor$Worker.run(ThreadPoolExecutor.java:642)
at java.base/java.lang.Thread.run(Thread.java:1583)
... Removed 12 stack frames]]>
    </failure>
  </testcase> <!-- validateSiteAccessibility -->
  <testcase classname="webuitests.UnitTests" name="validateLoginFailure" time="1.783">
    <failure type="java.lang.AssertionError" message="The following asserts failed:
	expected [https://parabank.parasoft.com/parabank/index.html] but found [https://parabank.parasoft.com/parabank/index.htm]">
      <![CDATA[java.lang.AssertionError: The following asserts failed:
expected [https://parabank.parasoft.com/parabank/index.html] but found [https://parabank.parasoft.com/parabank/index.htm]
at webuitests.UnitTests.validateLoginFailure(UnitTests.java:25)
at java.base/java.util.concurrent.ThreadPoolExecutor.runWorker(ThreadPoolExecutor.java:1144)
at java.base/java.util.concurrent.ThreadPoolExecutor$Worker.run(ThreadPoolExecutor.java:642)
at java.base/java.lang.Thread.run(Thread.java:1583)
... Removed 12 stack frames]]>
    </failure>
  </testcase> <!-- validateLoginFailure -->
</testsuite> <!-- Second Test -->
